# JRE version: OpenJDK Runtime Environment (8.0_152-b06) (build 1.8.0_152-release-1136-b06)
# Java VM: OpenJDK 64-Bit Server VM (25.152-b06 mixed mode linux-amd64 compressed oops)
Heap:
 PSYoungGen      total 370176K, used 12894K [0x00000000e0000000, 0x00000000fb200000, 0x0000000100000000)
  eden space 328704K, 0% used [0x00000000e0000000,0x00000000e0000000,0x00000000f4100000)
  from space 41472K, 31% used [0x00000000f4100000,0x00000000f4d979d0,0x00000000f6980000)
  to   space 17408K, 0% used [0x00000000f6980000,0x00000000f6980000,0x00000000f7a80000)
 ParOldGen       total 217600K, used 108493K [0x00000000a0000000, 0x00000000ad480000, 0x00000000e0000000)
  object space 217600K, 49% used [0x00000000a0000000,0x00000000a69f3608,0x00000000ad480000)
 Metaspace       used 70016K, capacity 72592K, committed 72792K, reserved 1112064K
  class space    used 9210K, capacity 9742K, committed 9856K, reserved 1048576K
GC Heap History (10 events):
Event: 54.253 GC heap after
Heap after GC invocations=22 (full 3):
 PSYoungGen      total 244736K, used 8074K [0x00000000e0000000, 0x00000000f3680000, 0x0000000100000000)
  eden space 225280K, 0% used [0x00000000e0000000,0x00000000e0000000,0x00000000edc00000)
  from space 19456K, 41% used [0x00000000edc00000,0x00000000ee3e2a50,0x00000000eef00000)
  to   space 18944K, 0% used [0x00000000f2400000,0x00000000f2400000,0x00000000f3680000)
 ParOldGen       total 115712K, used 71356K [0x00000000a0000000, 0x00000000a7100000, 0x00000000e0000000)
  object space 115712K, 61% used [0x00000000a0000000,0x00000000a45af118,0x00000000a7100000)
 Metaspace       used 68181K, capacity 70644K, committed 70744K, reserved 1110016K
  class space    used 9027K, capacity 9550K, committed 9600K, reserved 1048576K
}
Event: 55.372 GC heap before
{Heap before GC invocations=23 (full 3):
 PSYoungGen      total 244736K, used 233354K [0x00000000e0000000, 0x00000000f3680000, 0x0000000100000000)
  eden space 225280K, 100% used [0x00000000e0000000,0x00000000edc00000,0x00000000edc00000)
  from space 19456K, 41% used [0x00000000edc00000,0x00000000ee3e2a50,0x00000000eef00000)
  to   space 18944K, 0% used [0x00000000f2400000,0x00000000f2400000,0x00000000f3680000)
 ParOldGen       total 115712K, used 71356K [0x00000000a0000000, 0x00000000a7100000, 0x00000000e0000000)
  object space 115712K, 61% used [0x00000000a0000000,0x00000000a45af118,0x00000000a7100000)
 Metaspace       used 68393K, capacity 70852K, committed 71000K, reserved 1110016K
  class space    used 9033K, capacity 9550K, committed 9600K, reserved 1048576K
Event: 55.413 GC heap after
Heap after GC invocations=23 (full 3):
 PSYoungGen      total 300032K, used 7324K [0x00000000e0000000, 0x00000000f3800000, 0x0000000100000000)
  eden space 281088K, 0% used [0x00000000e0000000,0x00000000e0000000,0x00000000f1280000)
  from space 18944K, 38% used [0x00000000f2400000,0x00000000f2b270b8,0x00000000f3680000)
  to   space 17920K, 0% used [0x00000000f1280000,0x00000000f1280000,0x00000000f2400000)
 ParOldGen       total 115712K, used 78190K [0x00000000a0000000, 0x00000000a7100000, 0x00000000e0000000)
  object space 115712K, 67% used [0x00000000a0000000,0x00000000a4c5b8a8,0x00000000a7100000)
 Metaspace       used 68393K, capacity 70852K, committed 71000K, reserved 1110016K
  class space    used 9033K, capacity 9550K, committed 9600K, reserved 1048576K
}
Event: 57.051 GC heap before
{Heap before GC invocations=24 (full 3):
 PSYoungGen      total 300032K, used 288412K [0x00000000e0000000, 0x00000000f3800000, 0x0000000100000000)
  eden space 281088K, 100% used [0x00000000e0000000,0x00000000f1280000,0x00000000f1280000)
  from space 18944K, 38% used [0x00000000f2400000,0x00000000f2b270b8,0x00000000f3680000)
  to   space 17920K, 0% used [0x00000000f1280000,0x00000000f1280000,0x00000000f2400000)
 ParOldGen       total 115712K, used 78190K [0x00000000a0000000, 0x00000000a7100000, 0x00000000e0000000)
  object space 115712K, 67% used [0x00000000a0000000,0x00000000a4c5b8a8,0x00000000a7100000)
 Metaspace       used 68418K, capacity 70922K, committed 71000K, reserved 1110016K
  class space    used 9034K, capacity 9551K, committed 9600K, reserved 1048576K
Event: 57.086 GC heap after
Heap after GC invocations=24 (full 3):
 PSYoungGen      total 299008K, used 6816K [0x00000000e0000000, 0x00000000f7a80000, 0x0000000100000000)
  eden space 281088K, 0% used [0x00000000e0000000,0x00000000e0000000,0x00000000f1280000)
  from space 17920K, 38% used [0x00000000f1280000,0x00000000f1928000,0x00000000f2400000)
  to   space 17408K, 0% used [0x00000000f6980000,0x00000000f6980000,0x00000000f7a80000)
 ParOldGen       total 115712K, used 81707K [0x00000000a0000000, 0x00000000a7100000, 0x00000000e0000000)
  object space 115712K, 70% used [0x00000000a0000000,0x00000000a4fcae18,0x00000000a7100000)
 Metaspace       used 68418K, capacity 70922K, committed 71000K, reserved 1110016K
  class space    used 9034K, capacity 9551K, committed 9600K, reserved 1048576K
}
Event: 59.799 GC heap before
{Heap before GC invocations=25 (full 3):
 PSYoungGen      total 299008K, used 287904K [0x00000000e0000000, 0x00000000f7a80000, 0x0000000100000000)
  eden space 281088K, 100% used [0x00000000e0000000,0x00000000f1280000,0x00000000f1280000)
  from space 17920K, 38% used [0x00000000f1280000,0x00000000f1928000,0x00000000f2400000)
  to   space 17408K, 0% used [0x00000000f6980000,0x00000000f6980000,0x00000000f7a80000)
 ParOldGen       total 115712K, used 81707K [0x00000000a0000000, 0x00000000a7100000, 0x00000000e0000000)
  object space 115712K, 70% used [0x00000000a0000000,0x00000000a4fcae18,0x00000000a7100000)
 Metaspace       used 69115K, capacity 71642K, committed 71896K, reserved 1112064K
  class space    used 9094K, capacity 9641K, committed 9728K, reserved 1048576K
Event: 59.978 GC heap after
Heap after GC invocations=25 (full 3):
 PSYoungGen      total 346112K, used 17396K [0x00000000e0000000, 0x00000000fb200000, 0x0000000100000000)
  eden space 328704K, 0% used [0x00000000e0000000,0x00000000e0000000,0x00000000f4100000)
  from space 17408K, 99% used [0x00000000f6980000,0x00000000f7a7d3d8,0x00000000f7a80000)
  to   space 41472K, 0% used [0x00000000f4100000,0x00000000f4100000,0x00000000f6980000)
 ParOldGen       total 140288K, used 139856K [0x00000000a0000000, 0x00000000a8900000, 0x00000000e0000000)
  object space 140288K, 99% used [0x00000000a0000000,0x00000000a8894378,0x00000000a8900000)
 Metaspace       used 69115K, capacity 71642K, committed 71896K, reserved 1112064K
  class space    used 9094K, capacity 9641K, committed 9728K, reserved 1048576K
}
Event: 59.994 GC heap before
{Heap before GC invocations=26 (full 4):
 PSYoungGen      total 346112K, used 17396K [0x00000000e0000000, 0x00000000fb200000, 0x0000000100000000)
  eden space 328704K, 0% used [0x00000000e0000000,0x00000000e0000000,0x00000000f4100000)
  from space 17408K, 99% used [0x00000000f6980000,0x00000000f7a7d3d8,0x00000000f7a80000)
  to   space 41472K, 0% used [0x00000000f4100000,0x00000000f4100000,0x00000000f6980000)
 ParOldGen       total 140288K, used 139856K [0x00000000a0000000, 0x00000000a8900000, 0x00000000e0000000)
  object space 140288K, 99% used [0x00000000a0000000,0x00000000a8894378,0x00000000a8900000)
 Metaspace       used 69115K, capacity 71642K, committed 71896K, reserved 1112064K
  class space    used 9094K, capacity 9641K, committed 9728K, reserved 1048576K
Event: 60.758 GC heap after
Heap after GC invocations=26 (full 4):
 PSYoungGen      total 346112K, used 0K [0x00000000e0000000, 0x00000000fb200000, 0x0000000100000000)
  eden space 328704K, 0% used [0x00000000e0000000,0x00000000e0000000,0x00000000f4100000)
  from space 17408K, 0% used [0x00000000f6980000,0x00000000f6980000,0x00000000f7a80000)
  to   space 41472K, 0% used [0x00000000f4100000,0x00000000f4100000,0x00000000f6980000)
 ParOldGen       total 217600K, used 108485K [0x00000000a0000000, 0x00000000ad480000, 0x00000000e0000000)
  object space 217600K, 49% used [0x00000000a0000000,0x00000000a69f1608,0x00000000ad480000)
 Metaspace       used 69085K, capacity 71562K, committed 71896K, reserved 1112064K
  class space    used 9084K, capacity 9623K, committed 9728K, reserved 1048576K
}
Event: 73.205 GC heap before
{Heap before GC invocations=27 (full 4):
 PSYoungGen      total 346112K, used 328704K [0x00000000e0000000, 0x00000000fb200000, 0x0000000100000000)
  eden space 328704K, 100% used [0x00000000e0000000,0x00000000f4100000,0x00000000f4100000)
  from space 17408K, 0% used [0x00000000f6980000,0x00000000f6980000,0x00000000f7a80000)
  to   space 41472K, 0% used [0x00000000f4100000,0x00000000f4100000,0x00000000f6980000)
 ParOldGen       total 217600K, used 108485K [0x00000000a0000000, 0x00000000ad480000, 0x00000000e0000000)
  object space 217600K, 49% used [0x00000000a0000000,0x00000000a69f1608,0x00000000ad480000)
 Metaspace       used 70016K, capacity 72592K, committed 72792K, reserved 1112064K
  class space    used 9210K, capacity 9742K, committed 9856K, reserved 1048576K

