# JRE version: OpenJDK Runtime Environment (8.0_152-b06) (build 1.8.0_152-release-1136-b06)
# Java VM: OpenJDK 64-Bit Server VM (25.152-b06 mixed mode linux-amd64 compressed oops)
Heap:
 PSYoungGen      total 366592K, used 20997K [0x00000000e0000000, 0x00000000fbc00000, 0x0000000100000000)
  eden space 329728K, 0% used [0x00000000e0000000,0x00000000e0000000,0x00000000f4200000)
  from space 36864K, 56% used [0x00000000f9800000,0x00000000fac81698,0x00000000fbc00000)
  to   space 38400K, 0% used [0x00000000f4200000,0x00000000f4200000,0x00000000f6780000)
 ParOldGen       total 172544K, used 78001K [0x00000000a0000000, 0x00000000aa880000, 0x00000000e0000000)
  object space 172544K, 45% used [0x00000000a0000000,0x00000000a4c2c718,0x00000000aa880000)
 Metaspace       used 88967K, capacity 91842K, committed 94336K, reserved 1130496K
  class space    used 11141K, capacity 11789K, committed 12416K, reserved 1048576K
GC Heap History (10 events):
Event: 1736.487 GC heap after
Heap after GC invocations=19 (full 3):
 PSYoungGen      total 310784K, used 22003K [0x00000000e0000000, 0x00000000f8280000, 0x0000000100000000)
  eden space 288768K, 0% used [0x00000000e0000000,0x00000000e0000000,0x00000000f1a00000)
  from space 22016K, 99% used [0x00000000f6d00000,0x00000000f827cc20,0x00000000f8280000)
  to   space 27648K, 0% used [0x00000000f4c80000,0x00000000f4c80000,0x00000000f6780000)
 ParOldGen       total 102912K, used 66752K [0x00000000a0000000, 0x00000000a6480000, 0x00000000e0000000)
  object space 102912K, 64% used [0x00000000a0000000,0x00000000a4130148,0x00000000a6480000)
 Metaspace       used 81233K, capacity 84690K, committed 84736K, reserved 1122304K
  class space    used 10397K, capacity 11231K, committed 11264K, reserved 1048576K
}
Event: 1742.900 GC heap before
{Heap before GC invocations=20 (full 3):
 PSYoungGen      total 310784K, used 310771K [0x00000000e0000000, 0x00000000f8280000, 0x0000000100000000)
  eden space 288768K, 100% used [0x00000000e0000000,0x00000000f1a00000,0x00000000f1a00000)
  from space 22016K, 99% used [0x00000000f6d00000,0x00000000f827cc20,0x00000000f8280000)
  to   space 27648K, 0% used [0x00000000f4c80000,0x00000000f4c80000,0x00000000f6780000)
 ParOldGen       total 102912K, used 66752K [0x00000000a0000000, 0x00000000a6480000, 0x00000000e0000000)
  object space 102912K, 64% used [0x00000000a0000000,0x00000000a4130148,0x00000000a6480000)
 Metaspace       used 89802K, capacity 93826K, committed 94080K, reserved 1130496K
  class space    used 11448K, capacity 12361K, committed 12416K, reserved 1048576K
Event: 1742.990 GC heap after
Heap after GC invocations=20 (full 3):
 PSYoungGen      total 348160K, used 27634K [0x00000000e0000000, 0x00000000f8500000, 0x0000000100000000)
  eden space 320512K, 0% used [0x00000000e0000000,0x00000000e0000000,0x00000000f3900000)
  from space 27648K, 99% used [0x00000000f4c80000,0x00000000f677c948,0x00000000f6780000)
  to   space 30208K, 0% used [0x00000000f6780000,0x00000000f6780000,0x00000000f8500000)
 ParOldGen       total 102912K, used 86415K [0x00000000a0000000, 0x00000000a6480000, 0x00000000e0000000)
  object space 102912K, 83% used [0x00000000a0000000,0x00000000a5463f70,0x00000000a6480000)
 Metaspace       used 89802K, capacity 93826K, committed 94080K, reserved 1130496K
  class space    used 11448K, capacity 12361K, committed 12416K, reserved 1048576K
}
Event: 1743.000 GC heap before
{Heap before GC invocations=21 (full 4):
 PSYoungGen      total 348160K, used 27634K [0x00000000e0000000, 0x00000000f8500000, 0x0000000100000000)
  eden space 320512K, 0% used [0x00000000e0000000,0x00000000e0000000,0x00000000f3900000)
  from space 27648K, 99% used [0x00000000f4c80000,0x00000000f677c948,0x00000000f6780000)
  to   space 30208K, 0% used [0x00000000f6780000,0x00000000f6780000,0x00000000f8500000)
 ParOldGen       total 102912K, used 86415K [0x00000000a0000000, 0x00000000a6480000, 0x00000000e0000000)
  object space 102912K, 83% used [0x00000000a0000000,0x00000000a5463f70,0x00000000a6480000)
 Metaspace       used 89802K, capacity 93826K, committed 94080K, reserved 1130496K
  class space    used 11448K, capacity 12361K, committed 12416K, reserved 1048576K
Event: 1743.593 GC heap after
Heap after GC invocations=21 (full 4):
 PSYoungGen      total 348160K, used 0K [0x00000000e0000000, 0x00000000f8500000, 0x0000000100000000)
  eden space 320512K, 0% used [0x00000000e0000000,0x00000000e0000000,0x00000000f3900000)
  from space 27648K, 0% used [0x00000000f4c80000,0x00000000f4c80000,0x00000000f6780000)
  to   space 30208K, 0% used [0x00000000f6780000,0x00000000f6780000,0x00000000f8500000)
 ParOldGen       total 172544K, used 78001K [0x00000000a0000000, 0x00000000aa880000, 0x00000000e0000000)
  object space 172544K, 45% used [0x00000000a0000000,0x00000000a4c2c718,0x00000000aa880000)
 Metaspace       used 88298K, capacity 91152K, committed 94080K, reserved 1130496K
  class space    used 11125K, capacity 11752K, committed 12416K, reserved 1048576K
}
Event: 1745.292 GC heap before
{Heap before GC invocations=22 (full 4):
 PSYoungGen      total 348160K, used 320512K [0x00000000e0000000, 0x00000000f8500000, 0x0000000100000000)
  eden space 320512K, 100% used [0x00000000e0000000,0x00000000f3900000,0x00000000f3900000)
  from space 27648K, 0% used [0x00000000f4c80000,0x00000000f4c80000,0x00000000f6780000)
  to   space 30208K, 0% used [0x00000000f6780000,0x00000000f6780000,0x00000000f8500000)
 ParOldGen       total 172544K, used 78001K [0x00000000a0000000, 0x00000000aa880000, 0x00000000e0000000)
  object space 172544K, 45% used [0x00000000a0000000,0x00000000a4c2c718,0x00000000aa880000)
 Metaspace       used 88666K, capacity 91500K, committed 94080K, reserved 1130496K
  class space    used 11130K, capacity 11752K, committed 12416K, reserved 1048576K
Event: 1745.314 GC heap after
Heap after GC invocations=22 (full 4):
 PSYoungGen      total 359936K, used 6438K [0x00000000e0000000, 0x00000000fad80000, 0x0000000100000000)
  eden space 329728K, 0% used [0x00000000e0000000,0x00000000e0000000,0x00000000f4200000)
  from space 30208K, 21% used [0x00000000f6780000,0x00000000f6dc9940,0x00000000f8500000)
  to   space 38400K, 0% used [0x00000000f4200000,0x00000000f4200000,0x00000000f6780000)
 ParOldGen       total 172544K, used 78001K [0x00000000a0000000, 0x00000000aa880000, 0x00000000e0000000)
  object space 172544K, 45% used [0x00000000a0000000,0x00000000a4c2c718,0x00000000aa880000)
 Metaspace       used 88666K, capacity 91500K, committed 94080K, reserved 1130496K
  class space    used 11130K, capacity 11752K, committed 12416K, reserved 1048576K
}
Event: 1747.003 GC heap before
{Heap before GC invocations=23 (full 4):
 PSYoungGen      total 359936K, used 336166K [0x00000000e0000000, 0x00000000fad80000, 0x0000000100000000)
  eden space 329728K, 100% used [0x00000000e0000000,0x00000000f4200000,0x00000000f4200000)
  from space 30208K, 21% used [0x00000000f6780000,0x00000000f6dc9940,0x00000000f8500000)
  to   space 38400K, 0% used [0x00000000f4200000,0x00000000f4200000,0x00000000f6780000)
 ParOldGen       total 172544K, used 78001K [0x00000000a0000000, 0x00000000aa880000, 0x00000000e0000000)
  object space 172544K, 45% used [0x00000000a0000000,0x00000000a4c2c718,0x00000000aa880000)
 Metaspace       used 88929K, capacity 91842K, committed 94336K, reserved 1130496K
  class space    used 11138K, capacity 11789K, committed 12416K, reserved 1048576K
Event: 1747.038 GC heap after
Heap after GC invocations=23 (full 4):
 PSYoungGen      total 368128K, used 12725K [0x00000000e0000000, 0x00000000fbc00000, 0x0000000100000000)
  eden space 329728K, 0% used [0x00000000e0000000,0x00000000e0000000,0x00000000f4200000)
  from space 38400K, 33% used [0x00000000f4200000,0x00000000f4e6d6d0,0x00000000f6780000)
  to   space 36864K, 0% used [0x00000000f9800000,0x00000000f9800000,0x00000000fbc00000)
 ParOldGen       total 172544K, used 78001K [0x00000000a0000000, 0x00000000aa880000, 0x00000000e0000000)
  object space 172544K, 45% used [0x00000000a0000000,0x00000000a4c2c718,0x00000000aa880000)
 Metaspace       used 88929K, capacity 91842K, committed 94336K, reserved 1130496K
  class space    used 11138K, capacity 11789K, committed 12416K, reserved 1048576K
}
Event: 1750.164 GC heap before
{Heap before GC invocations=24 (full 4):
 PSYoungGen      total 368128K, used 342453K [0x00000000e0000000, 0x00000000fbc00000, 0x0000000100000000)
  eden space 329728K, 100% used [0x00000000e0000000,0x00000000f4200000,0x00000000f4200000)
  from space 38400K, 33% used [0x00000000f4200000,0x00000000f4e6d6d0,0x00000000f6780000)
  to   space 36864K, 0% used [0x00000000f9800000,0x00000000f9800000,0x00000000fbc00000)
 ParOldGen       total 172544K, used 78001K [0x00000000a0000000, 0x00000000aa880000, 0x00000000e0000000)
  object space 172544K, 45% used [0x00000000a0000000,0x00000000a4c2c718,0x00000000aa880000)
 Metaspace       used 88967K, capacity 91842K, committed 94336K, reserved 1130496K
  class space    used 11141K, capacity 11789K, committed 12416K, reserved 1048576K

